<?xml version="1.0" encoding="UTF-8"?>
<testng-results ignored="0" total="1" passed="1" failed="0" skipped="0">
  <reporter-output>
  </reporter-output>
  <suite started-at="2023-10-11T15:39:52 IST" name="Default suite" finished-at="2023-10-11T15:41:00 IST" duration-ms="68041">
    <groups>
    </groups>
    <test started-at="2023-10-11T15:39:52 IST" name="Default test" finished-at="2023-10-11T15:41:00 IST" duration-ms="68041">
      <class name="Scripts.TestCase1">
        <test-method is-config="true" signature="OpenApp()[pri:0, instance:Scripts.TestCase1@7cc0cdad]" started-at="2023-10-11T15:39:52 IST" name="OpenApp" finished-at="2023-10-11T15:40:15 IST" duration-ms="22904" status="PASS">
          <reporter-output>
          </reporter-output>
        </test-method> <!-- OpenApp -->
        <test-method signature="TC1()[pri:0, instance:Scripts.TestCase1@7cc0cdad]" started-at="2023-10-11T15:40:15 IST" name="TC1" finished-at="2023-10-11T15:40:50 IST" duration-ms="35535" status="PASS">
          <reporter-output>
          </reporter-output>
        </test-method> <!-- TC1 -->
        <test-method is-config="true" signature="closeApp(org.testng.ITestResult)[pri:0, instance:Scripts.TestCase1@7cc0cdad]" started-at="2023-10-11T15:40:50 IST" name="closeApp" finished-at="2023-10-11T15:41:00 IST" duration-ms="9414" status="PASS">
          <params>
            <param index="0">
              <value>
                <![CDATA[[TestResult name=TC1 status=SUCCESS method=TestCase1.TC1()[pri:0, instance:Scripts.TestCase1@7cc0cdad] output={null}]]]>
              </value>
            </param>
          </params>
          <reporter-output>
          </reporter-output>
        </test-method> <!-- closeApp -->
      </class> <!-- Scripts.TestCase1 -->
    </test> <!-- Default test -->
  </suite> <!-- Default suite -->
</testng-results>
